<?xml version="1.0" encoding="UTF-8"?>
<!-- Generated by org.testng.reporters.JUnitReportReporter -->
<testsuite hostname="DESKTOP-MN1GLHP" failures="0" tests="2" name="testPackage.TestCases2" time="0.006" errors="0" timestamp="2023-08-29T15:24:23 IST" skipped="0">
  <testcase classname="testPackage.TestCases2" name="testCase" time="0.004"/>
  <system-out/>
  <testcase classname="testPackage.TestCases2" name="testCase10" time="0.002"/>
  <system-out/>
</testsuite> <!-- testPackage.TestCases2 -->
