<?xml version="1.0" encoding="UTF-8"?>
<!-- Generated by org.testng.reporters.JUnitReportReporter -->
<testsuite hostname="DESKTOP-MN1GLHP" failures="0" tests="4" name="testPackage.Assignment2" time="10.340" errors="0" timestamp="2023-08-29T16:06:53 IST" skipped="0">
  <testcase classname="testPackage.Assignment2" name="SignIn" time="1.044"/>
  <system-out/>
  <testcase classname="testPackage.Assignment2" name="OpenBrowser" time="8.961"/>
  <system-out/>
  <testcase classname="testPackage.Assignment2" name="LandingPage" time="0.015"/>
  <system-out/>
  <testcase classname="testPackage.Assignment2" name="LogOut" time="0.320"/>
  <system-out/>
</testsuite> <!-- testPackage.Assignment2 -->
