<?xml version="1.0" encoding="UTF-8"?>
<!-- Generated by org.testng.reporters.JUnitReportReporter -->
<testsuite hostname="DESKTOP-MN1GLHP" failures="0" tests="10" name="TestCases" time="0.048" errors="0" timestamp="2023-08-28T17:54:58 IST" skipped="0">
  <testcase classname="TestCases" name="testCase5" time="0.002"/>
  <system-out/>
  <testcase classname="TestCases" name="testCase1" time="0.020"/>
  <system-out/>
  <testcase classname="TestCases" name="testCase3" time="0.005"/>
  <system-out/>
  <testcase classname="TestCases" name="testCase6" time="0.004"/>
  <system-out/>
  <testcase classname="TestCases" name="testCase8" time="0.003"/>
  <system-out/>
  <testcase classname="TestCases" name="testCase4" time="0.003"/>
  <system-out/>
  <testcase classname="TestCases" name="testCase2" time="0.002"/>
  <system-out/>
  <testcase classname="TestCases" name="testCase7" time="0.002"/>
  <system-out/>
  <testcase classname="TestCases" name="testCase9" time="0.002"/>
  <system-out/>
  <testcase classname="TestCases" name="testCase10" time="0.005"/>
  <system-out/>
</testsuite> <!-- TestCases -->
