<?xml version="1.0" encoding="UTF-8"?>
<!-- Generated by org.testng.reporters.JUnitReportReporter -->
<testsuite hostname="DESKTOP-MN1GLHP" failures="0" tests="1" name="testPackage.TestNGClass" time="0.039" errors="0" timestamp="2023-08-29T12:15:35 IST" skipped="0">
  <testcase classname="testPackage.TestNGClass" name="f" time="0.039"/>
  <system-out/>
</testsuite> <!-- testPackage.TestNGClass -->
